[2022-07-10 08:57:27Z INFO HostContext] No proxy settings were found based on environmental variables (http_proxy/https_proxy/HTTP_PROXY/HTTPS_PROXY)
[2022-07-10 08:57:27Z INFO HostContext] Well known directory 'Bin': '/home/ubuntu/belkas/belka-3-node/belka3/actions-runner/bin'
[2022-07-10 08:57:27Z INFO HostContext] Well known directory 'Root': '/home/ubuntu/belkas/belka-3-node/belka3/actions-runner'
[2022-07-10 08:57:27Z INFO HostContext] Well known config file 'Credentials': '/home/ubuntu/belkas/belka-3-node/belka3/actions-runner/.credentials'
[2022-07-10 08:57:27Z INFO HostContext] Well known directory 'Bin': '/home/ubuntu/belkas/belka-3-node/belka3/actions-runner/bin'
[2022-07-10 08:57:27Z INFO HostContext] Well known directory 'Root': '/home/ubuntu/belkas/belka-3-node/belka3/actions-runner'
[2022-07-10 08:57:27Z INFO HostContext] Well known config file 'Runner': '/home/ubuntu/belkas/belka-3-node/belka3/actions-runner/.runner'
[2022-07-10 08:57:27Z INFO Listener] Runner is built for Linux (X64) - linux-x64.
[2022-07-10 08:57:27Z INFO Listener] RuntimeInformation: Linux 5.4.0-113-generic #127-Ubuntu SMP Wed May 18 14:30:56 UTC 2022.
[2022-07-10 08:57:27Z INFO Listener] Version: 2.294.0
[2022-07-10 08:57:27Z INFO Listener] Commit: 709bd6113d2fca3a89a0fef11913ce4efd7b8cc5
[2022-07-10 08:57:27Z INFO Listener] Culture: 
[2022-07-10 08:57:27Z INFO Listener] UI Culture: 
[2022-07-10 08:57:27Z INFO HostContext] Well known directory 'Bin': '/home/ubuntu/belkas/belka-3-node/belka3/actions-runner/bin'
[2022-07-10 08:57:27Z INFO HostContext] Well known directory 'Root': '/home/ubuntu/belkas/belka-3-node/belka3/actions-runner'
[2022-07-10 08:57:27Z INFO Listener] Validating directory permissions for: '/home/ubuntu/belkas/belka-3-node/belka3/actions-runner'
[2022-07-10 08:57:27Z INFO CommandLineParser] Parse
[2022-07-10 08:57:27Z INFO CommandLineParser] Parsing 3 args
[2022-07-10 08:57:27Z INFO CommandLineParser] parsing argument
[2022-07-10 08:57:27Z INFO CommandLineParser] HasArgs: False
[2022-07-10 08:57:27Z INFO CommandLineParser] Adding Command: run
[2022-07-10 08:57:27Z INFO CommandLineParser] parsing argument
[2022-07-10 08:57:27Z INFO CommandLineParser] HasArgs: True
[2022-07-10 08:57:27Z INFO CommandLineParser] arg: startuptype
[2022-07-10 08:57:27Z INFO CommandLineParser] parsing argument
[2022-07-10 08:57:27Z INFO CommandLineParser] HasArgs: True
[2022-07-10 08:57:27Z INFO CommandLineParser] Adding option 'startuptype': 'service'
[2022-07-10 08:57:27Z INFO Listener] Arguments parsed
[2022-07-10 08:57:27Z INFO Runner] ExecuteCommand
[2022-07-10 08:57:27Z INFO ConfigurationStore] currentAssemblyLocation: /home/ubuntu/belkas/belka-3-node/belka3/actions-runner/bin/Runner.Listener.dll
[2022-07-10 08:57:27Z INFO HostContext] Well known directory 'Bin': '/home/ubuntu/belkas/belka-3-node/belka3/actions-runner/bin'
[2022-07-10 08:57:27Z INFO ConfigurationStore] binPath: /home/ubuntu/belkas/belka-3-node/belka3/actions-runner/bin
[2022-07-10 08:57:27Z INFO HostContext] Well known directory 'Bin': '/home/ubuntu/belkas/belka-3-node/belka3/actions-runner/bin'
[2022-07-10 08:57:27Z INFO HostContext] Well known directory 'Root': '/home/ubuntu/belkas/belka-3-node/belka3/actions-runner'
[2022-07-10 08:57:27Z INFO ConfigurationStore] RootFolder: /home/ubuntu/belkas/belka-3-node/belka3/actions-runner
[2022-07-10 08:57:27Z INFO HostContext] Well known directory 'Bin': '/home/ubuntu/belkas/belka-3-node/belka3/actions-runner/bin'
[2022-07-10 08:57:27Z INFO HostContext] Well known directory 'Root': '/home/ubuntu/belkas/belka-3-node/belka3/actions-runner'
[2022-07-10 08:57:27Z INFO HostContext] Well known config file 'Runner': '/home/ubuntu/belkas/belka-3-node/belka3/actions-runner/.runner'
[2022-07-10 08:57:27Z INFO ConfigurationStore] ConfigFilePath: /home/ubuntu/belkas/belka-3-node/belka3/actions-runner/.runner
[2022-07-10 08:57:27Z INFO HostContext] Well known directory 'Bin': '/home/ubuntu/belkas/belka-3-node/belka3/actions-runner/bin'
[2022-07-10 08:57:27Z INFO HostContext] Well known directory 'Root': '/home/ubuntu/belkas/belka-3-node/belka3/actions-runner'
[2022-07-10 08:57:27Z INFO HostContext] Well known config file 'Credentials': '/home/ubuntu/belkas/belka-3-node/belka3/actions-runner/.credentials'
[2022-07-10 08:57:27Z INFO ConfigurationStore] CredFilePath: /home/ubuntu/belkas/belka-3-node/belka3/actions-runner/.credentials
[2022-07-10 08:57:27Z INFO HostContext] Well known directory 'Bin': '/home/ubuntu/belkas/belka-3-node/belka3/actions-runner/bin'
[2022-07-10 08:57:27Z INFO HostContext] Well known directory 'Root': '/home/ubuntu/belkas/belka-3-node/belka3/actions-runner'
[2022-07-10 08:57:27Z INFO HostContext] Well known config file 'MigratedCredentials': '/home/ubuntu/belkas/belka-3-node/belka3/actions-runner/.credentials_migrated'
[2022-07-10 08:57:27Z INFO ConfigurationStore] MigratedCredFilePath: /home/ubuntu/belkas/belka-3-node/belka3/actions-runner/.credentials_migrated
[2022-07-10 08:57:27Z INFO HostContext] Well known directory 'Bin': '/home/ubuntu/belkas/belka-3-node/belka3/actions-runner/bin'
[2022-07-10 08:57:27Z INFO HostContext] Well known directory 'Root': '/home/ubuntu/belkas/belka-3-node/belka3/actions-runner'
[2022-07-10 08:57:27Z INFO HostContext] Well known config file 'Service': '/home/ubuntu/belkas/belka-3-node/belka3/actions-runner/.service'
[2022-07-10 08:57:27Z INFO ConfigurationStore] ServiceConfigFilePath: /home/ubuntu/belkas/belka-3-node/belka3/actions-runner/.service
[2022-07-10 08:57:27Z INFO CommandSettings] Flag 'help': 'False'
[2022-07-10 08:57:27Z INFO CommandSettings] Flag 'version': 'False'
[2022-07-10 08:57:27Z INFO CommandSettings] Flag 'commit': 'False'
[2022-07-10 08:57:27Z INFO CommandSettings] Flag 'check': 'False'
[2022-07-10 08:57:27Z INFO CommandSettings] Command 'configure': 'False'
[2022-07-10 08:57:27Z INFO CommandSettings] Command 'remove': 'False'
[2022-07-10 08:57:27Z INFO CommandSettings] Command 'warmup': 'False'
[2022-07-10 08:57:27Z INFO ConfigurationManager] LoadSettings
[2022-07-10 08:57:27Z INFO ConfigurationStore] IsConfigured()
[2022-07-10 08:57:27Z INFO ConfigurationStore] IsConfigured: True
[2022-07-10 08:57:27Z INFO ConfigurationManager] Is configured: True
[2022-07-10 08:57:27Z INFO ConfigurationStore] Read setting file: 300 chars
[2022-07-10 08:57:27Z INFO ConfigurationManager] Settings Loaded
[2022-07-10 08:57:27Z INFO ConfigurationStore] IsServiceConfigured()
[2022-07-10 08:57:27Z INFO ConfigurationStore] IsServiceConfigured: True
[2022-07-10 08:57:27Z INFO CommandSettings] Command 'run': 'True'
[2022-07-10 08:57:27Z INFO ConfigurationStore] IsConfigured()
[2022-07-10 08:57:27Z INFO ConfigurationStore] IsConfigured: True
[2022-07-10 08:57:27Z INFO ConfigurationManager] Is configured: True
[2022-07-10 08:57:27Z INFO Runner] Set runner startup type - Service
[2022-07-10 08:57:27Z INFO CommandSettings] Flag 'once': 'False'
[2022-07-10 08:57:27Z INFO CommandSettings] Flag 'once': 'False'
[2022-07-10 08:57:27Z INFO Runner] RunAsync
[2022-07-10 08:57:27Z INFO ConfigurationManager] LoadSettings
[2022-07-10 08:57:27Z INFO ConfigurationStore] IsConfigured()
[2022-07-10 08:57:27Z INFO ConfigurationStore] IsConfigured: True
[2022-07-10 08:57:27Z INFO ConfigurationManager] Is configured: True
[2022-07-10 08:57:27Z INFO ConfigurationManager] Settings Loaded
[2022-07-10 08:57:27Z INFO MessageListener] {
  "AgentId": 22,
  "AgentName": "belka-3-node-runner",
  "PoolId": 1,
  "PoolName": "Default",
  "ServerUrl": "https://pipelines.actions.githubusercontent.com/AuYE7zpLwZz53yuqKqKnzQ0pIxqNa5w1iU0sGV5oFkgXPFr1Xe",
  "GitHubUrl": "https://github.com/maciejmar/belka3",
  "WorkFolder": "belka_3_work"
}
[2022-07-10 08:57:27Z INFO MessageListener] Loading Credentials
[2022-07-10 08:57:27Z INFO ConfigurationStore] HasCredentials()
[2022-07-10 08:57:27Z INFO ConfigurationStore] stored True
[2022-07-10 08:57:27Z INFO CredentialManager] GetCredentialProvider
[2022-07-10 08:57:27Z INFO CredentialManager] Creating type OAuth
[2022-07-10 08:57:27Z INFO CredentialManager] Creating credential type: OAuth
[2022-07-10 08:57:27Z INFO HostContext] Well known directory 'Bin': '/home/ubuntu/belkas/belka-3-node/belka3/actions-runner/bin'
[2022-07-10 08:57:27Z INFO HostContext] Well known directory 'Root': '/home/ubuntu/belkas/belka-3-node/belka3/actions-runner'
[2022-07-10 08:57:27Z INFO HostContext] Well known config file 'RSACredentials': '/home/ubuntu/belkas/belka-3-node/belka3/actions-runner/.credentials_rsaparams'
[2022-07-10 08:57:27Z INFO RSAFileKeyManager] Loading RSA key parameters from file /home/ubuntu/belkas/belka-3-node/belka3/actions-runner/.credentials_rsaparams
[2022-07-10 08:57:27Z INFO MessageListener] Attempt to create session.
[2022-07-10 08:57:27Z INFO MessageListener] Connecting to the Runner Server...
[2022-07-10 08:57:27Z INFO RunnerServer] Establish connection with 100 seconds timeout.
[2022-07-10 08:57:28Z INFO GitHubActionsService] Starting operation Location.GetConnectionData
[2022-07-10 08:57:28Z INFO RunnerServer] Establish connection with 60 seconds timeout.
[2022-07-10 08:57:28Z INFO GitHubActionsService] Starting operation Location.GetConnectionData
[2022-07-10 08:57:28Z INFO RunnerServer] Establish connection with 60 seconds timeout.
[2022-07-10 08:57:28Z INFO GitHubActionsService] Starting operation Location.GetConnectionData
[2022-07-10 08:57:28Z INFO GitHubActionsService] Finished operation Location.GetConnectionData
[2022-07-10 08:57:28Z INFO GitHubActionsService] Finished operation Location.GetConnectionData
[2022-07-10 08:57:28Z INFO GitHubActionsService] Finished operation Location.GetConnectionData
[2022-07-10 08:57:28Z INFO GitHubActionsService] Starting operation Location.GetConnectionData
[2022-07-10 08:57:29Z INFO GitHubActionsService] Finished operation Location.GetConnectionData
[2022-07-10 08:57:29Z INFO MessageListener] VssConnection created
[2022-07-10 08:57:29Z INFO Terminal] WRITE LINE: 
[2022-07-10 08:57:29Z INFO Terminal] WRITE LINE: 
[2022-07-10 08:57:29Z WARN GitHubActionsService] Authentication failed with status code 401.
Transfer-Encoding: chunked
WWW-Authenticate: Bearer
Strict-Transport-Security: max-age=2592000
X-TFS-ProcessId: 26e69d0a-4f72-4780-815b-8891fe341531
ActivityId: 4093f147-c483-401a-804b-ac3ec022a5ac
X-TFS-Session: 9dc7a71a-02ac-40fd-81b0-428d6fc01fed
X-VSS-E2EID: c2918f69-1154-4b0e-b15c-09584e494f62
X-VSS-SenderDeploymentId: d8e2ca4d-fc49-4fde-de7b-4a7ca9dd6aba
X-TFS-ServiceError: The+user+%27System%3aPublicAccess%3baaaaaaaa-aaaa-aaaa-aaaa-aaaaaaaaaaaa%27+is+not+authorized+to+access+this+resource.
X-VSS-S2STargetService: 0000005A-0000-8888-8000-000000000000/visualstudio.com
X-Cache: CONFIG_NOCACHE
X-MSEdge-Ref: Ref A: AED6E9130D764BB48D47D6B799A9BCE4 Ref B: FRAEDGE1310 Ref C: 2022-07-10T08:57:29Z
Date: Sun, 10 Jul 2022 08:57:28 GMT

[2022-07-10 08:57:29Z INFO RSAFileKeyManager] Loading RSA key parameters from file /home/ubuntu/belkas/belka-3-node/belka3/actions-runner/.credentials_rsaparams
[2022-07-10 08:57:29Z INFO RSAFileKeyManager] Loading RSA key parameters from file /home/ubuntu/belkas/belka-3-node/belka3/actions-runner/.credentials_rsaparams
[2022-07-10 08:57:29Z INFO GitHubActionsService] AAD Correlation ID for this token request: Unknown
[2022-07-10 08:57:29Z INFO MessageListener] Session created.
[2022-07-10 08:57:29Z INFO Terminal] WRITE LINE: Current runner version: '2.294.0'
[2022-07-10 08:57:29Z INFO Terminal] WRITE LINE: 2022-07-10 08:57:29Z: Listening for Jobs
[2022-07-10 08:57:29Z INFO JobDispatcher] Set runner/worker IPC timeout to 30 seconds.
[2022-07-10 08:57:32Z INFO RSAFileKeyManager] Loading RSA key parameters from file /home/ubuntu/belkas/belka-3-node/belka3/actions-runner/.credentials_rsaparams
[2022-07-10 08:57:32Z INFO MessageListener] Message '1' received from session '6a073944-92dd-45ac-89cd-f5884730aa9e'.
[2022-07-10 08:57:32Z INFO Runner] Received job message of length 20682 from service, with hash 'e0e6fde80b38e435b7904343e3e817e9d015876224be6006b25c32af3183a051'
[2022-07-10 08:57:32Z INFO JobDispatcher] Job request 21 for plan 033caf47-8bd3-461c-ac13-495ffac2f7b3 job c269f388-e93f-55df-e42c-8ad0a472b48b received.
[2022-07-10 08:57:32Z INFO JobDispatcher] Pull OrchestrationId 033caf47-8bd3-461c-ac13-495ffac2f7b3.build._16_x from JWT claims
[2022-07-10 08:57:32Z INFO Terminal] WRITE LINE: 2022-07-10 08:57:32Z: Running job: build (16.x)
[2022-07-10 08:57:32Z INFO JobDispatcher] Start renew job request 21 for job c269f388-e93f-55df-e42c-8ad0a472b48b.
[2022-07-10 08:57:32Z INFO JobDispatcher] Successfully renew job request 21, job is valid till 07/10/2022 09:07:32
[2022-07-10 08:57:33Z INFO HostContext] Well known directory 'Bin': '/home/ubuntu/belkas/belka-3-node/belka3/actions-runner/bin'
[2022-07-10 08:57:33Z INFO ProcessInvokerWrapper] Starting process:
[2022-07-10 08:57:33Z INFO ProcessInvokerWrapper]   File name: '/home/ubuntu/belkas/belka-3-node/belka3/actions-runner/bin/Runner.Worker'
[2022-07-10 08:57:33Z INFO ProcessInvokerWrapper]   Arguments: 'spawnclient 107 110'
[2022-07-10 08:57:33Z INFO ProcessInvokerWrapper]   Working directory: '/home/ubuntu/belkas/belka-3-node/belka3/actions-runner/bin'
[2022-07-10 08:57:33Z INFO ProcessInvokerWrapper]   Require exit code zero: 'False'
[2022-07-10 08:57:33Z INFO ProcessInvokerWrapper]   Encoding web name:  ; code page: ''
[2022-07-10 08:57:33Z INFO ProcessInvokerWrapper]   Force kill process on cancellation: 'True'
[2022-07-10 08:57:33Z INFO ProcessInvokerWrapper]   Redirected STDIN: 'False'
[2022-07-10 08:57:33Z INFO ProcessInvokerWrapper]   Persist current code page: 'False'
[2022-07-10 08:57:33Z INFO ProcessInvokerWrapper]   Keep redirected STDIN open: 'False'
[2022-07-10 08:57:33Z INFO ProcessInvokerWrapper]   High priority process: 'True'
[2022-07-10 08:57:33Z INFO ProcessInvokerWrapper] Process started with process id 53327, waiting for process exit.
[2022-07-10 08:57:33Z INFO JobDispatcher] Send job request message to worker for job c269f388-e93f-55df-e42c-8ad0a472b48b.
[2022-07-10 08:57:33Z INFO ProcessChannel] Sending message of length 20682, with hash 'e0e6fde80b38e435b7904343e3e817e9d015876224be6006b25c32af3183a051'
[2022-07-10 08:57:33Z INFO JobNotification] Entering JobStarted Notification
[2022-07-10 08:57:33Z INFO JobNotification] Entering StartMonitor
[2022-07-10 08:57:41Z INFO Terminal] WRITE LINE: Exiting...
[2022-07-10 08:57:41Z INFO ConfigurationStore] IsServiceConfigured()
[2022-07-10 08:57:41Z INFO ConfigurationStore] IsServiceConfigured: True
[2022-07-10 08:57:41Z INFO Runner] Received Ctrl-C signal, stop Runner.Listener and Runner.Worker.
[2022-07-10 08:57:41Z INFO HostContext] Runner will be shutdown for UserCancelled
[2022-07-10 08:57:41Z WARN GitHubActionsService] GET request to https://pipelines.actions.githubusercontent.com/AuYE7zpLwZz53yuqKqKnzQ0pIxqNa5w1iU0sGV5oFkgXPFr1Xe/_apis/distributedtask/pools/1/messages?sessionId=6a073944-92dd-45ac-89cd-f5884730aa9e&lastMessageId=1 has been cancelled.
[2022-07-10 08:57:41Z INFO MessageListener] Get next message has been cancelled.
[2022-07-10 08:57:41Z INFO JobDispatcher] Shutting down JobDispatcher. Make sure all WorkerDispatcher has finished.
[2022-07-10 08:57:41Z INFO JobDispatcher] Ensure WorkerDispather for job c269f388-e93f-55df-e42c-8ad0a472b48b run to finish, cancel any running job.
[2022-07-10 08:57:41Z INFO JobDispatcher] Send job cancellation message to worker for job c269f388-e93f-55df-e42c-8ad0a472b48b.
[2022-07-10 08:57:41Z INFO ProcessChannel] Sending message of length 0, with hash 'e3b0c44298fc1c149afbf4c8996fb92427ae41e4649b934ca495991b7852b855'
[2022-07-10 08:57:43Z INFO ProcessInvokerWrapper] STDOUT/STDERR stream read finished.
[2022-07-10 08:57:43Z INFO ProcessInvokerWrapper] STDOUT/STDERR stream read finished.
[2022-07-10 08:57:43Z INFO ProcessInvokerWrapper] Finished process 53327 with exit code 102, and elapsed time 00:00:10.6077661.
[2022-07-10 08:57:43Z INFO JobDispatcher] finish job request for job c269f388-e93f-55df-e42c-8ad0a472b48b with result: Canceled
[2022-07-10 08:57:43Z INFO Terminal] WRITE LINE: 2022-07-10 08:57:43Z: Job build (16.x) completed with result: Canceled
[2022-07-10 08:57:43Z INFO JobDispatcher] Stop renew job request for job c269f388-e93f-55df-e42c-8ad0a472b48b.
[2022-07-10 08:57:43Z INFO JobDispatcher] job renew has been cancelled, stop renew job request 21.
[2022-07-10 08:57:43Z INFO JobNotification] Entering JobCompleted Notification
[2022-07-10 08:57:43Z INFO JobNotification] Entering EndMonitor
[2022-07-10 08:57:44Z INFO Listener] Runner execution been cancelled.
