[2022-07-12 11:16:14Z INFO HostContext] No proxy settings were found based on environmental variables (http_proxy/https_proxy/HTTP_PROXY/HTTPS_PROXY)
[2022-07-12 11:16:14Z INFO HostContext] Well known directory 'Bin': '/home/ubuntu/belkas/belka-3-node/belka3/actions-runner/bin'
[2022-07-12 11:16:14Z INFO HostContext] Well known directory 'Root': '/home/ubuntu/belkas/belka-3-node/belka3/actions-runner'
[2022-07-12 11:16:14Z INFO HostContext] Well known config file 'Credentials': '/home/ubuntu/belkas/belka-3-node/belka3/actions-runner/.credentials'
[2022-07-12 11:16:14Z INFO HostContext] Well known directory 'Bin': '/home/ubuntu/belkas/belka-3-node/belka3/actions-runner/bin'
[2022-07-12 11:16:14Z INFO HostContext] Well known directory 'Root': '/home/ubuntu/belkas/belka-3-node/belka3/actions-runner'
[2022-07-12 11:16:14Z INFO HostContext] Well known config file 'Runner': '/home/ubuntu/belkas/belka-3-node/belka3/actions-runner/.runner'
[2022-07-12 11:16:14Z INFO Listener] Runner is built for Linux (X64) - linux-x64.
[2022-07-12 11:16:14Z INFO Listener] RuntimeInformation: Linux 5.4.0-113-generic #127-Ubuntu SMP Wed May 18 14:30:56 UTC 2022.
[2022-07-12 11:16:14Z INFO Listener] Version: 2.294.0
[2022-07-12 11:16:14Z INFO Listener] Commit: 709bd6113d2fca3a89a0fef11913ce4efd7b8cc5
[2022-07-12 11:16:14Z INFO Listener] Culture: 
[2022-07-12 11:16:14Z INFO Listener] UI Culture: 
[2022-07-12 11:16:14Z INFO HostContext] Well known directory 'Bin': '/home/ubuntu/belkas/belka-3-node/belka3/actions-runner/bin'
[2022-07-12 11:16:14Z INFO HostContext] Well known directory 'Root': '/home/ubuntu/belkas/belka-3-node/belka3/actions-runner'
[2022-07-12 11:16:14Z INFO Listener] Validating directory permissions for: '/home/ubuntu/belkas/belka-3-node/belka3/actions-runner'
[2022-07-12 11:16:14Z INFO CommandLineParser] Parse
[2022-07-12 11:16:14Z INFO CommandLineParser] Parsing 3 args
[2022-07-12 11:16:14Z INFO CommandLineParser] parsing argument
[2022-07-12 11:16:14Z INFO CommandLineParser] HasArgs: False
[2022-07-12 11:16:14Z INFO CommandLineParser] Adding Command: run
[2022-07-12 11:16:14Z INFO CommandLineParser] parsing argument
[2022-07-12 11:16:14Z INFO CommandLineParser] HasArgs: True
[2022-07-12 11:16:14Z INFO CommandLineParser] arg: startuptype
[2022-07-12 11:16:14Z INFO CommandLineParser] parsing argument
[2022-07-12 11:16:14Z INFO CommandLineParser] HasArgs: True
[2022-07-12 11:16:14Z INFO CommandLineParser] Adding option 'startuptype': 'service'
[2022-07-12 11:16:14Z INFO Listener] Arguments parsed
[2022-07-12 11:16:14Z INFO Runner] ExecuteCommand
[2022-07-12 11:16:14Z INFO ConfigurationStore] currentAssemblyLocation: /home/ubuntu/belkas/belka-3-node/belka3/actions-runner/bin/Runner.Listener.dll
[2022-07-12 11:16:14Z INFO HostContext] Well known directory 'Bin': '/home/ubuntu/belkas/belka-3-node/belka3/actions-runner/bin'
[2022-07-12 11:16:14Z INFO ConfigurationStore] binPath: /home/ubuntu/belkas/belka-3-node/belka3/actions-runner/bin
[2022-07-12 11:16:14Z INFO HostContext] Well known directory 'Bin': '/home/ubuntu/belkas/belka-3-node/belka3/actions-runner/bin'
[2022-07-12 11:16:14Z INFO HostContext] Well known directory 'Root': '/home/ubuntu/belkas/belka-3-node/belka3/actions-runner'
[2022-07-12 11:16:14Z INFO ConfigurationStore] RootFolder: /home/ubuntu/belkas/belka-3-node/belka3/actions-runner
[2022-07-12 11:16:14Z INFO HostContext] Well known directory 'Bin': '/home/ubuntu/belkas/belka-3-node/belka3/actions-runner/bin'
[2022-07-12 11:16:14Z INFO HostContext] Well known directory 'Root': '/home/ubuntu/belkas/belka-3-node/belka3/actions-runner'
[2022-07-12 11:16:14Z INFO HostContext] Well known config file 'Runner': '/home/ubuntu/belkas/belka-3-node/belka3/actions-runner/.runner'
[2022-07-12 11:16:14Z INFO ConfigurationStore] ConfigFilePath: /home/ubuntu/belkas/belka-3-node/belka3/actions-runner/.runner
[2022-07-12 11:16:14Z INFO HostContext] Well known directory 'Bin': '/home/ubuntu/belkas/belka-3-node/belka3/actions-runner/bin'
[2022-07-12 11:16:14Z INFO HostContext] Well known directory 'Root': '/home/ubuntu/belkas/belka-3-node/belka3/actions-runner'
[2022-07-12 11:16:14Z INFO HostContext] Well known config file 'Credentials': '/home/ubuntu/belkas/belka-3-node/belka3/actions-runner/.credentials'
[2022-07-12 11:16:14Z INFO ConfigurationStore] CredFilePath: /home/ubuntu/belkas/belka-3-node/belka3/actions-runner/.credentials
[2022-07-12 11:16:14Z INFO HostContext] Well known directory 'Bin': '/home/ubuntu/belkas/belka-3-node/belka3/actions-runner/bin'
[2022-07-12 11:16:14Z INFO HostContext] Well known directory 'Root': '/home/ubuntu/belkas/belka-3-node/belka3/actions-runner'
[2022-07-12 11:16:14Z INFO HostContext] Well known config file 'MigratedCredentials': '/home/ubuntu/belkas/belka-3-node/belka3/actions-runner/.credentials_migrated'
[2022-07-12 11:16:14Z INFO ConfigurationStore] MigratedCredFilePath: /home/ubuntu/belkas/belka-3-node/belka3/actions-runner/.credentials_migrated
[2022-07-12 11:16:14Z INFO HostContext] Well known directory 'Bin': '/home/ubuntu/belkas/belka-3-node/belka3/actions-runner/bin'
[2022-07-12 11:16:14Z INFO HostContext] Well known directory 'Root': '/home/ubuntu/belkas/belka-3-node/belka3/actions-runner'
[2022-07-12 11:16:14Z INFO HostContext] Well known config file 'Service': '/home/ubuntu/belkas/belka-3-node/belka3/actions-runner/.service'
[2022-07-12 11:16:14Z INFO ConfigurationStore] ServiceConfigFilePath: /home/ubuntu/belkas/belka-3-node/belka3/actions-runner/.service
[2022-07-12 11:16:14Z INFO CommandSettings] Flag 'help': 'False'
[2022-07-12 11:16:14Z INFO CommandSettings] Flag 'version': 'False'
[2022-07-12 11:16:14Z INFO CommandSettings] Flag 'commit': 'False'
[2022-07-12 11:16:14Z INFO CommandSettings] Flag 'check': 'False'
[2022-07-12 11:16:14Z INFO CommandSettings] Command 'configure': 'False'
[2022-07-12 11:16:14Z INFO CommandSettings] Command 'remove': 'False'
[2022-07-12 11:16:14Z INFO CommandSettings] Command 'warmup': 'False'
[2022-07-12 11:16:14Z INFO ConfigurationManager] LoadSettings
[2022-07-12 11:16:14Z INFO ConfigurationStore] IsConfigured()
[2022-07-12 11:16:14Z INFO ConfigurationStore] IsConfigured: True
[2022-07-12 11:16:14Z INFO ConfigurationManager] Is configured: True
[2022-07-12 11:16:14Z INFO ConfigurationStore] Read setting file: 300 chars
[2022-07-12 11:16:14Z INFO ConfigurationManager] Settings Loaded
[2022-07-12 11:16:14Z INFO ConfigurationStore] IsServiceConfigured()
[2022-07-12 11:16:14Z INFO ConfigurationStore] IsServiceConfigured: True
[2022-07-12 11:16:14Z INFO CommandSettings] Command 'run': 'True'
[2022-07-12 11:16:14Z INFO ConfigurationStore] IsConfigured()
[2022-07-12 11:16:14Z INFO ConfigurationStore] IsConfigured: True
[2022-07-12 11:16:14Z INFO ConfigurationManager] Is configured: True
[2022-07-12 11:16:14Z INFO Runner] Set runner startup type - Service
[2022-07-12 11:16:14Z INFO CommandSettings] Flag 'once': 'False'
[2022-07-12 11:16:14Z INFO CommandSettings] Flag 'once': 'False'
[2022-07-12 11:16:14Z INFO Runner] RunAsync
[2022-07-12 11:16:14Z INFO ConfigurationManager] LoadSettings
[2022-07-12 11:16:14Z INFO ConfigurationStore] IsConfigured()
[2022-07-12 11:16:14Z INFO ConfigurationStore] IsConfigured: True
[2022-07-12 11:16:14Z INFO ConfigurationManager] Is configured: True
[2022-07-12 11:16:14Z INFO ConfigurationManager] Settings Loaded
[2022-07-12 11:16:14Z INFO MessageListener] {
  "AgentId": 22,
  "AgentName": "belka-3-node-runner",
  "PoolId": 1,
  "PoolName": "Default",
  "ServerUrl": "https://pipelines.actions.githubusercontent.com/AuYE7zpLwZz53yuqKqKnzQ0pIxqNa5w1iU0sGV5oFkgXPFr1Xe",
  "GitHubUrl": "https://github.com/maciejmar/belka3",
  "WorkFolder": "belka_3_work"
}
[2022-07-12 11:16:14Z INFO MessageListener] Loading Credentials
[2022-07-12 11:16:14Z INFO ConfigurationStore] HasCredentials()
[2022-07-12 11:16:14Z INFO ConfigurationStore] stored True
[2022-07-12 11:16:14Z INFO CredentialManager] GetCredentialProvider
[2022-07-12 11:16:14Z INFO CredentialManager] Creating type OAuth
[2022-07-12 11:16:14Z INFO CredentialManager] Creating credential type: OAuth
[2022-07-12 11:16:14Z INFO HostContext] Well known directory 'Bin': '/home/ubuntu/belkas/belka-3-node/belka3/actions-runner/bin'
[2022-07-12 11:16:14Z INFO HostContext] Well known directory 'Root': '/home/ubuntu/belkas/belka-3-node/belka3/actions-runner'
[2022-07-12 11:16:14Z INFO HostContext] Well known config file 'RSACredentials': '/home/ubuntu/belkas/belka-3-node/belka3/actions-runner/.credentials_rsaparams'
[2022-07-12 11:16:14Z INFO RSAFileKeyManager] Loading RSA key parameters from file /home/ubuntu/belkas/belka-3-node/belka3/actions-runner/.credentials_rsaparams
[2022-07-12 11:16:14Z INFO MessageListener] Attempt to create session.
[2022-07-12 11:16:14Z INFO MessageListener] Connecting to the Runner Server...
[2022-07-12 11:16:14Z INFO RunnerServer] Establish connection with 100 seconds timeout.
[2022-07-12 11:16:14Z INFO GitHubActionsService] Starting operation Location.GetConnectionData
[2022-07-12 11:16:14Z INFO RunnerServer] Establish connection with 60 seconds timeout.
[2022-07-12 11:16:14Z INFO GitHubActionsService] Starting operation Location.GetConnectionData
[2022-07-12 11:16:14Z INFO RunnerServer] Establish connection with 60 seconds timeout.
[2022-07-12 11:16:14Z INFO GitHubActionsService] Starting operation Location.GetConnectionData
[2022-07-12 11:16:15Z INFO GitHubActionsService] Finished operation Location.GetConnectionData
[2022-07-12 11:16:15Z INFO GitHubActionsService] Finished operation Location.GetConnectionData
[2022-07-12 11:16:15Z INFO GitHubActionsService] Finished operation Location.GetConnectionData
[2022-07-12 11:16:15Z INFO GitHubActionsService] Starting operation Location.GetConnectionData
[2022-07-12 11:16:15Z INFO GitHubActionsService] Finished operation Location.GetConnectionData
[2022-07-12 11:16:15Z INFO GitHubActionsService] Starting operation Location.GetConnectionData
[2022-07-12 11:16:15Z INFO GitHubActionsService] Finished operation Location.GetConnectionData
[2022-07-12 11:16:15Z INFO MessageListener] VssConnection created
[2022-07-12 11:16:15Z INFO Terminal] WRITE LINE: 
[2022-07-12 11:16:15Z INFO Terminal] WRITE LINE: 
[2022-07-12 11:16:15Z WARN GitHubActionsService] Authentication failed with status code 401.
Transfer-Encoding: chunked
WWW-Authenticate: Bearer
Strict-Transport-Security: max-age=2592000
X-TFS-ProcessId: 8e74e184-51ab-4d89-8529-2f8f89f5f049
ActivityId: eb2bb7de-2431-4da3-8c2d-c35d9d2ece27
X-TFS-Session: c13cc080-1d1f-44ec-bb10-58950c54635d
X-VSS-E2EID: c839e19b-2641-4611-8448-d3571a5e0175
X-VSS-SenderDeploymentId: d8e2ca4d-fc49-4fde-de7b-4a7ca9dd6aba
X-TFS-ServiceError: The+user+%27System%3aPublicAccess%3baaaaaaaa-aaaa-aaaa-aaaa-aaaaaaaaaaaa%27+is+not+authorized+to+access+this+resource.
X-VSS-S2STargetService: 0000005A-0000-8888-8000-000000000000/visualstudio.com
X-Cache: CONFIG_NOCACHE
X-MSEdge-Ref: Ref A: 141C2787B9A94125ABF46CF7608BADB7 Ref B: FRAEDGE1221 Ref C: 2022-07-12T11:16:15Z
Date: Tue, 12 Jul 2022 11:16:15 GMT

[2022-07-12 11:16:15Z INFO RSAFileKeyManager] Loading RSA key parameters from file /home/ubuntu/belkas/belka-3-node/belka3/actions-runner/.credentials_rsaparams
[2022-07-12 11:16:15Z INFO RSAFileKeyManager] Loading RSA key parameters from file /home/ubuntu/belkas/belka-3-node/belka3/actions-runner/.credentials_rsaparams
[2022-07-12 11:16:15Z INFO GitHubActionsService] AAD Correlation ID for this token request: Unknown
[2022-07-12 11:16:16Z INFO MessageListener] Session created.
[2022-07-12 11:16:16Z INFO Terminal] WRITE LINE: Current runner version: '2.294.0'
[2022-07-12 11:16:16Z INFO Terminal] WRITE LINE: 2022-07-12 11:16:16Z: Listening for Jobs
[2022-07-12 11:16:16Z INFO JobDispatcher] Set runner/worker IPC timeout to 30 seconds.
[2022-07-12 11:17:04Z INFO RSAFileKeyManager] Loading RSA key parameters from file /home/ubuntu/belkas/belka-3-node/belka3/actions-runner/.credentials_rsaparams
[2022-07-12 11:17:04Z INFO MessageListener] Message '23' received from session '60291c20-53c9-4131-be7f-19fc1b2e92dd'.
[2022-07-12 11:17:04Z INFO Runner] Received job message of length 20663 from service, with hash 'd312e736c41937e490ed50b8813640c097cfcdb9911d8190bfbe750e9d068a95'
[2022-07-12 11:17:05Z INFO JobDispatcher] Job request 40 for plan 8c8be194-f424-4e24-8c9a-cb94a5a0bc48 job c269f388-e93f-55df-e42c-8ad0a472b48b received.
[2022-07-12 11:17:05Z INFO JobDispatcher] Pull OrchestrationId 8c8be194-f424-4e24-8c9a-cb94a5a0bc48.build._16_x from JWT claims
[2022-07-12 11:17:05Z INFO Terminal] WRITE LINE: 2022-07-12 11:17:05Z: Running job: build (16.x)
[2022-07-12 11:17:05Z INFO JobDispatcher] Start renew job request 40 for job c269f388-e93f-55df-e42c-8ad0a472b48b.
[2022-07-12 11:17:05Z INFO JobDispatcher] Successfully renew job request 40, job is valid till 07/12/2022 11:27:05
[2022-07-12 11:17:05Z INFO HostContext] Well known directory 'Bin': '/home/ubuntu/belkas/belka-3-node/belka3/actions-runner/bin'
[2022-07-12 11:17:05Z INFO ProcessInvokerWrapper] Starting process:
[2022-07-12 11:17:05Z INFO ProcessInvokerWrapper]   File name: '/home/ubuntu/belkas/belka-3-node/belka3/actions-runner/bin/Runner.Worker'
[2022-07-12 11:17:05Z INFO ProcessInvokerWrapper]   Arguments: 'spawnclient 107 110'
[2022-07-12 11:17:05Z INFO ProcessInvokerWrapper]   Working directory: '/home/ubuntu/belkas/belka-3-node/belka3/actions-runner/bin'
[2022-07-12 11:17:05Z INFO ProcessInvokerWrapper]   Require exit code zero: 'False'
[2022-07-12 11:17:05Z INFO ProcessInvokerWrapper]   Encoding web name:  ; code page: ''
[2022-07-12 11:17:05Z INFO ProcessInvokerWrapper]   Force kill process on cancellation: 'True'
[2022-07-12 11:17:05Z INFO ProcessInvokerWrapper]   Redirected STDIN: 'False'
[2022-07-12 11:17:05Z INFO ProcessInvokerWrapper]   Persist current code page: 'False'
[2022-07-12 11:17:05Z INFO ProcessInvokerWrapper]   Keep redirected STDIN open: 'False'
[2022-07-12 11:17:05Z INFO ProcessInvokerWrapper]   High priority process: 'True'
[2022-07-12 11:17:05Z INFO ProcessInvokerWrapper] Process started with process id 104578, waiting for process exit.
[2022-07-12 11:17:05Z INFO JobDispatcher] Send job request message to worker for job c269f388-e93f-55df-e42c-8ad0a472b48b.
[2022-07-12 11:17:05Z INFO ProcessChannel] Sending message of length 20663, with hash 'd312e736c41937e490ed50b8813640c097cfcdb9911d8190bfbe750e9d068a95'
[2022-07-12 11:17:05Z INFO JobNotification] Entering JobStarted Notification
[2022-07-12 11:17:05Z INFO JobNotification] Entering StartMonitor
[2022-07-12 11:17:48Z INFO ProcessInvokerWrapper] STDOUT/STDERR stream read finished.
[2022-07-12 11:17:48Z INFO ProcessInvokerWrapper] STDOUT/STDERR stream read finished.
[2022-07-12 11:17:48Z INFO ProcessInvokerWrapper] Finished process 104578 with exit code 102, and elapsed time 00:00:43.1222576.
[2022-07-12 11:17:48Z INFO JobDispatcher] Worker finished for job c269f388-e93f-55df-e42c-8ad0a472b48b. Code: 102
[2022-07-12 11:17:48Z INFO JobDispatcher] finish job request for job c269f388-e93f-55df-e42c-8ad0a472b48b with result: Failed
[2022-07-12 11:17:48Z INFO Terminal] WRITE LINE: 2022-07-12 11:17:48Z: Job build (16.x) completed with result: Failed
[2022-07-12 11:17:48Z INFO JobDispatcher] Stop renew job request for job c269f388-e93f-55df-e42c-8ad0a472b48b.
[2022-07-12 11:17:48Z INFO JobDispatcher] job renew has been cancelled, stop renew job request 40.
[2022-07-12 11:17:48Z INFO JobNotification] Entering JobCompleted Notification
[2022-07-12 11:17:48Z INFO JobNotification] Entering EndMonitor
