[2022-07-12 10:48:59Z INFO HostContext] No proxy settings were found based on environmental variables (http_proxy/https_proxy/HTTP_PROXY/HTTPS_PROXY)
[2022-07-12 10:48:59Z INFO HostContext] Well known directory 'Bin': '/home/ubuntu/belkas/belka-3-node/belka3/actions-runner/bin'
[2022-07-12 10:48:59Z INFO HostContext] Well known directory 'Root': '/home/ubuntu/belkas/belka-3-node/belka3/actions-runner'
[2022-07-12 10:48:59Z INFO HostContext] Well known config file 'Credentials': '/home/ubuntu/belkas/belka-3-node/belka3/actions-runner/.credentials'
[2022-07-12 10:48:59Z INFO HostContext] Well known directory 'Bin': '/home/ubuntu/belkas/belka-3-node/belka3/actions-runner/bin'
[2022-07-12 10:48:59Z INFO HostContext] Well known directory 'Root': '/home/ubuntu/belkas/belka-3-node/belka3/actions-runner'
[2022-07-12 10:48:59Z INFO HostContext] Well known config file 'Runner': '/home/ubuntu/belkas/belka-3-node/belka3/actions-runner/.runner'
[2022-07-12 10:48:59Z INFO Listener] Runner is built for Linux (X64) - linux-x64.
[2022-07-12 10:48:59Z INFO Listener] RuntimeInformation: Linux 5.4.0-113-generic #127-Ubuntu SMP Wed May 18 14:30:56 UTC 2022.
[2022-07-12 10:48:59Z INFO Listener] Version: 2.294.0
[2022-07-12 10:48:59Z INFO Listener] Commit: 709bd6113d2fca3a89a0fef11913ce4efd7b8cc5
[2022-07-12 10:48:59Z INFO Listener] Culture: 
[2022-07-12 10:48:59Z INFO Listener] UI Culture: 
[2022-07-12 10:48:59Z INFO HostContext] Well known directory 'Bin': '/home/ubuntu/belkas/belka-3-node/belka3/actions-runner/bin'
[2022-07-12 10:48:59Z INFO HostContext] Well known directory 'Root': '/home/ubuntu/belkas/belka-3-node/belka3/actions-runner'
[2022-07-12 10:48:59Z INFO Listener] Validating directory permissions for: '/home/ubuntu/belkas/belka-3-node/belka3/actions-runner'
[2022-07-12 10:48:59Z INFO CommandLineParser] Parse
[2022-07-12 10:48:59Z INFO CommandLineParser] Parsing 3 args
[2022-07-12 10:48:59Z INFO CommandLineParser] parsing argument
[2022-07-12 10:48:59Z INFO CommandLineParser] HasArgs: False
[2022-07-12 10:48:59Z INFO CommandLineParser] Adding Command: run
[2022-07-12 10:48:59Z INFO CommandLineParser] parsing argument
[2022-07-12 10:48:59Z INFO CommandLineParser] HasArgs: True
[2022-07-12 10:48:59Z INFO CommandLineParser] arg: startuptype
[2022-07-12 10:48:59Z INFO CommandLineParser] parsing argument
[2022-07-12 10:48:59Z INFO CommandLineParser] HasArgs: True
[2022-07-12 10:48:59Z INFO CommandLineParser] Adding option 'startuptype': 'service'
[2022-07-12 10:48:59Z INFO Listener] Arguments parsed
[2022-07-12 10:48:59Z INFO Runner] ExecuteCommand
[2022-07-12 10:48:59Z INFO ConfigurationStore] currentAssemblyLocation: /home/ubuntu/belkas/belka-3-node/belka3/actions-runner/bin/Runner.Listener.dll
[2022-07-12 10:48:59Z INFO HostContext] Well known directory 'Bin': '/home/ubuntu/belkas/belka-3-node/belka3/actions-runner/bin'
[2022-07-12 10:48:59Z INFO ConfigurationStore] binPath: /home/ubuntu/belkas/belka-3-node/belka3/actions-runner/bin
[2022-07-12 10:48:59Z INFO HostContext] Well known directory 'Bin': '/home/ubuntu/belkas/belka-3-node/belka3/actions-runner/bin'
[2022-07-12 10:48:59Z INFO HostContext] Well known directory 'Root': '/home/ubuntu/belkas/belka-3-node/belka3/actions-runner'
[2022-07-12 10:48:59Z INFO ConfigurationStore] RootFolder: /home/ubuntu/belkas/belka-3-node/belka3/actions-runner
[2022-07-12 10:48:59Z INFO HostContext] Well known directory 'Bin': '/home/ubuntu/belkas/belka-3-node/belka3/actions-runner/bin'
[2022-07-12 10:48:59Z INFO HostContext] Well known directory 'Root': '/home/ubuntu/belkas/belka-3-node/belka3/actions-runner'
[2022-07-12 10:48:59Z INFO HostContext] Well known config file 'Runner': '/home/ubuntu/belkas/belka-3-node/belka3/actions-runner/.runner'
[2022-07-12 10:48:59Z INFO ConfigurationStore] ConfigFilePath: /home/ubuntu/belkas/belka-3-node/belka3/actions-runner/.runner
[2022-07-12 10:48:59Z INFO HostContext] Well known directory 'Bin': '/home/ubuntu/belkas/belka-3-node/belka3/actions-runner/bin'
[2022-07-12 10:48:59Z INFO HostContext] Well known directory 'Root': '/home/ubuntu/belkas/belka-3-node/belka3/actions-runner'
[2022-07-12 10:48:59Z INFO HostContext] Well known config file 'Credentials': '/home/ubuntu/belkas/belka-3-node/belka3/actions-runner/.credentials'
[2022-07-12 10:48:59Z INFO ConfigurationStore] CredFilePath: /home/ubuntu/belkas/belka-3-node/belka3/actions-runner/.credentials
[2022-07-12 10:48:59Z INFO HostContext] Well known directory 'Bin': '/home/ubuntu/belkas/belka-3-node/belka3/actions-runner/bin'
[2022-07-12 10:48:59Z INFO HostContext] Well known directory 'Root': '/home/ubuntu/belkas/belka-3-node/belka3/actions-runner'
[2022-07-12 10:48:59Z INFO HostContext] Well known config file 'MigratedCredentials': '/home/ubuntu/belkas/belka-3-node/belka3/actions-runner/.credentials_migrated'
[2022-07-12 10:48:59Z INFO ConfigurationStore] MigratedCredFilePath: /home/ubuntu/belkas/belka-3-node/belka3/actions-runner/.credentials_migrated
[2022-07-12 10:48:59Z INFO HostContext] Well known directory 'Bin': '/home/ubuntu/belkas/belka-3-node/belka3/actions-runner/bin'
[2022-07-12 10:48:59Z INFO HostContext] Well known directory 'Root': '/home/ubuntu/belkas/belka-3-node/belka3/actions-runner'
[2022-07-12 10:48:59Z INFO HostContext] Well known config file 'Service': '/home/ubuntu/belkas/belka-3-node/belka3/actions-runner/.service'
[2022-07-12 10:48:59Z INFO ConfigurationStore] ServiceConfigFilePath: /home/ubuntu/belkas/belka-3-node/belka3/actions-runner/.service
[2022-07-12 10:48:59Z INFO CommandSettings] Flag 'help': 'False'
[2022-07-12 10:48:59Z INFO CommandSettings] Flag 'version': 'False'
[2022-07-12 10:48:59Z INFO CommandSettings] Flag 'commit': 'False'
[2022-07-12 10:48:59Z INFO CommandSettings] Flag 'check': 'False'
[2022-07-12 10:48:59Z INFO CommandSettings] Command 'configure': 'False'
[2022-07-12 10:48:59Z INFO CommandSettings] Command 'remove': 'False'
[2022-07-12 10:48:59Z INFO CommandSettings] Command 'warmup': 'False'
[2022-07-12 10:48:59Z INFO ConfigurationManager] LoadSettings
[2022-07-12 10:48:59Z INFO ConfigurationStore] IsConfigured()
[2022-07-12 10:48:59Z INFO ConfigurationStore] IsConfigured: True
[2022-07-12 10:48:59Z INFO ConfigurationManager] Is configured: True
[2022-07-12 10:48:59Z INFO ConfigurationStore] Read setting file: 300 chars
[2022-07-12 10:48:59Z INFO ConfigurationManager] Settings Loaded
[2022-07-12 10:48:59Z INFO ConfigurationStore] IsServiceConfigured()
[2022-07-12 10:48:59Z INFO ConfigurationStore] IsServiceConfigured: True
[2022-07-12 10:48:59Z INFO CommandSettings] Command 'run': 'True'
[2022-07-12 10:48:59Z INFO ConfigurationStore] IsConfigured()
[2022-07-12 10:48:59Z INFO ConfigurationStore] IsConfigured: True
[2022-07-12 10:48:59Z INFO ConfigurationManager] Is configured: True
[2022-07-12 10:48:59Z INFO Runner] Set runner startup type - Service
[2022-07-12 10:48:59Z INFO CommandSettings] Flag 'once': 'False'
[2022-07-12 10:48:59Z INFO CommandSettings] Flag 'once': 'False'
[2022-07-12 10:48:59Z INFO Runner] RunAsync
[2022-07-12 10:48:59Z INFO ConfigurationManager] LoadSettings
[2022-07-12 10:48:59Z INFO ConfigurationStore] IsConfigured()
[2022-07-12 10:48:59Z INFO ConfigurationStore] IsConfigured: True
[2022-07-12 10:48:59Z INFO ConfigurationManager] Is configured: True
[2022-07-12 10:48:59Z INFO ConfigurationManager] Settings Loaded
[2022-07-12 10:48:59Z INFO MessageListener] {
  "AgentId": 22,
  "AgentName": "belka-3-node-runner",
  "PoolId": 1,
  "PoolName": "Default",
  "ServerUrl": "https://pipelines.actions.githubusercontent.com/AuYE7zpLwZz53yuqKqKnzQ0pIxqNa5w1iU0sGV5oFkgXPFr1Xe",
  "GitHubUrl": "https://github.com/maciejmar/belka3",
  "WorkFolder": "belka_3_work"
}
[2022-07-12 10:48:59Z INFO MessageListener] Loading Credentials
[2022-07-12 10:48:59Z INFO ConfigurationStore] HasCredentials()
[2022-07-12 10:48:59Z INFO ConfigurationStore] stored True
[2022-07-12 10:48:59Z INFO CredentialManager] GetCredentialProvider
[2022-07-12 10:48:59Z INFO CredentialManager] Creating type OAuth
[2022-07-12 10:48:59Z INFO CredentialManager] Creating credential type: OAuth
[2022-07-12 10:48:59Z INFO HostContext] Well known directory 'Bin': '/home/ubuntu/belkas/belka-3-node/belka3/actions-runner/bin'
[2022-07-12 10:48:59Z INFO HostContext] Well known directory 'Root': '/home/ubuntu/belkas/belka-3-node/belka3/actions-runner'
[2022-07-12 10:48:59Z INFO HostContext] Well known config file 'RSACredentials': '/home/ubuntu/belkas/belka-3-node/belka3/actions-runner/.credentials_rsaparams'
[2022-07-12 10:48:59Z INFO RSAFileKeyManager] Loading RSA key parameters from file /home/ubuntu/belkas/belka-3-node/belka3/actions-runner/.credentials_rsaparams
[2022-07-12 10:48:59Z INFO MessageListener] Attempt to create session.
[2022-07-12 10:48:59Z INFO MessageListener] Connecting to the Runner Server...
[2022-07-12 10:48:59Z INFO RunnerServer] Establish connection with 100 seconds timeout.
[2022-07-12 10:48:59Z INFO GitHubActionsService] Starting operation Location.GetConnectionData
[2022-07-12 10:48:59Z INFO RunnerServer] Establish connection with 60 seconds timeout.
[2022-07-12 10:48:59Z INFO GitHubActionsService] Starting operation Location.GetConnectionData
[2022-07-12 10:48:59Z INFO RunnerServer] Establish connection with 60 seconds timeout.
[2022-07-12 10:48:59Z INFO GitHubActionsService] Starting operation Location.GetConnectionData
[2022-07-12 10:49:00Z INFO GitHubActionsService] Finished operation Location.GetConnectionData
[2022-07-12 10:49:00Z INFO GitHubActionsService] Finished operation Location.GetConnectionData
[2022-07-12 10:49:00Z INFO GitHubActionsService] Finished operation Location.GetConnectionData
[2022-07-12 10:49:00Z INFO GitHubActionsService] Starting operation Location.GetConnectionData
[2022-07-12 10:49:00Z INFO GitHubActionsService] Finished operation Location.GetConnectionData
[2022-07-12 10:49:00Z INFO MessageListener] VssConnection created
[2022-07-12 10:49:00Z INFO Terminal] WRITE LINE: 
[2022-07-12 10:49:00Z INFO Terminal] WRITE LINE: 
[2022-07-12 10:49:00Z WARN GitHubActionsService] Authentication failed with status code 401.
Transfer-Encoding: chunked
WWW-Authenticate: Bearer
Strict-Transport-Security: max-age=2592000
X-TFS-ProcessId: 26e69d0a-4f72-4780-815b-8891fe341531
ActivityId: 413aaabf-c483-401a-804b-ac3ec022a5ac
X-TFS-Session: b91ffc93-9673-4373-adff-4bdadfc55575
X-VSS-E2EID: f330a685-5c1c-48b3-9bfb-b4590787e423
X-VSS-SenderDeploymentId: d8e2ca4d-fc49-4fde-de7b-4a7ca9dd6aba
X-TFS-ServiceError: The+user+%27System%3aPublicAccess%3baaaaaaaa-aaaa-aaaa-aaaa-aaaaaaaaaaaa%27+is+not+authorized+to+access+this+resource.
X-VSS-S2STargetService: 0000005A-0000-8888-8000-000000000000/visualstudio.com
X-Cache: CONFIG_NOCACHE
X-MSEdge-Ref: Ref A: 1823F5C159A44481AC6D9739AC1D3B87 Ref B: VIEEDGE1112 Ref C: 2022-07-12T10:49:00Z
Date: Tue, 12 Jul 2022 10:49:00 GMT

[2022-07-12 10:49:00Z INFO RSAFileKeyManager] Loading RSA key parameters from file /home/ubuntu/belkas/belka-3-node/belka3/actions-runner/.credentials_rsaparams
[2022-07-12 10:49:00Z INFO RSAFileKeyManager] Loading RSA key parameters from file /home/ubuntu/belkas/belka-3-node/belka3/actions-runner/.credentials_rsaparams
[2022-07-12 10:49:01Z INFO GitHubActionsService] AAD Correlation ID for this token request: Unknown
[2022-07-12 10:49:01Z INFO MessageListener] Session created.
[2022-07-12 10:49:01Z INFO Terminal] WRITE LINE: Current runner version: '2.294.0'
[2022-07-12 10:49:01Z INFO Terminal] WRITE LINE: 2022-07-12 10:49:01Z: Listening for Jobs
[2022-07-12 10:49:01Z INFO JobDispatcher] Set runner/worker IPC timeout to 30 seconds.
[2022-07-12 10:51:22Z INFO RSAFileKeyManager] Loading RSA key parameters from file /home/ubuntu/belkas/belka-3-node/belka3/actions-runner/.credentials_rsaparams
[2022-07-12 10:51:22Z INFO MessageListener] Message '21' received from session '54b77277-075a-41ca-8edd-8bb2eff169f6'.
[2022-07-12 10:51:22Z INFO Runner] Received job message of length 20666 from service, with hash '6caa31f966ab4bda7765ce5fc4335fe8f437ea7916f263be65ced4ed891640f8'
[2022-07-12 10:51:22Z INFO JobDispatcher] Job request 38 for plan 10142769-3838-4fb1-8d1f-afd597245f7f job c269f388-e93f-55df-e42c-8ad0a472b48b received.
[2022-07-12 10:51:22Z INFO JobDispatcher] Pull OrchestrationId 10142769-3838-4fb1-8d1f-afd597245f7f.build._16_x from JWT claims
[2022-07-12 10:51:22Z INFO Terminal] WRITE LINE: 2022-07-12 10:51:22Z: Running job: build (16.x)
[2022-07-12 10:51:22Z INFO JobDispatcher] Start renew job request 38 for job c269f388-e93f-55df-e42c-8ad0a472b48b.
[2022-07-12 10:51:23Z INFO JobDispatcher] Successfully renew job request 38, job is valid till 07/12/2022 11:01:23
[2022-07-12 10:51:23Z INFO HostContext] Well known directory 'Bin': '/home/ubuntu/belkas/belka-3-node/belka3/actions-runner/bin'
[2022-07-12 10:51:23Z INFO ProcessInvokerWrapper] Starting process:
[2022-07-12 10:51:23Z INFO ProcessInvokerWrapper]   File name: '/home/ubuntu/belkas/belka-3-node/belka3/actions-runner/bin/Runner.Worker'
[2022-07-12 10:51:23Z INFO ProcessInvokerWrapper]   Arguments: 'spawnclient 109 112'
[2022-07-12 10:51:23Z INFO ProcessInvokerWrapper]   Working directory: '/home/ubuntu/belkas/belka-3-node/belka3/actions-runner/bin'
[2022-07-12 10:51:23Z INFO ProcessInvokerWrapper]   Require exit code zero: 'False'
[2022-07-12 10:51:23Z INFO ProcessInvokerWrapper]   Encoding web name:  ; code page: ''
[2022-07-12 10:51:23Z INFO ProcessInvokerWrapper]   Force kill process on cancellation: 'True'
[2022-07-12 10:51:23Z INFO ProcessInvokerWrapper]   Redirected STDIN: 'False'
[2022-07-12 10:51:23Z INFO ProcessInvokerWrapper]   Persist current code page: 'False'
[2022-07-12 10:51:23Z INFO ProcessInvokerWrapper]   Keep redirected STDIN open: 'False'
[2022-07-12 10:51:23Z INFO ProcessInvokerWrapper]   High priority process: 'True'
[2022-07-12 10:51:23Z INFO ProcessInvokerWrapper] Process started with process id 103319, waiting for process exit.
[2022-07-12 10:51:23Z INFO JobDispatcher] Send job request message to worker for job c269f388-e93f-55df-e42c-8ad0a472b48b.
[2022-07-12 10:51:23Z INFO ProcessChannel] Sending message of length 20666, with hash '6caa31f966ab4bda7765ce5fc4335fe8f437ea7916f263be65ced4ed891640f8'
[2022-07-12 10:51:23Z INFO JobNotification] Entering JobStarted Notification
[2022-07-12 10:51:23Z INFO JobNotification] Entering StartMonitor
[2022-07-12 10:51:56Z INFO ProcessInvokerWrapper] STDOUT/STDERR stream read finished.
[2022-07-12 10:51:56Z INFO ProcessInvokerWrapper] STDOUT/STDERR stream read finished.
[2022-07-12 10:51:56Z INFO ProcessInvokerWrapper] Finished process 103319 with exit code 102, and elapsed time 00:00:33.0865610.
[2022-07-12 10:51:56Z INFO JobDispatcher] Worker finished for job c269f388-e93f-55df-e42c-8ad0a472b48b. Code: 102
[2022-07-12 10:51:56Z INFO JobDispatcher] finish job request for job c269f388-e93f-55df-e42c-8ad0a472b48b with result: Failed
[2022-07-12 10:51:56Z INFO Terminal] WRITE LINE: 2022-07-12 10:51:56Z: Job build (16.x) completed with result: Failed
[2022-07-12 10:51:56Z INFO JobDispatcher] Stop renew job request for job c269f388-e93f-55df-e42c-8ad0a472b48b.
[2022-07-12 10:51:56Z INFO JobDispatcher] job renew has been cancelled, stop renew job request 38.
[2022-07-12 10:51:56Z INFO JobNotification] Entering JobCompleted Notification
[2022-07-12 10:51:56Z INFO JobNotification] Entering EndMonitor
[2022-07-12 11:11:42Z INFO RSAFileKeyManager] Loading RSA key parameters from file /home/ubuntu/belkas/belka-3-node/belka3/actions-runner/.credentials_rsaparams
[2022-07-12 11:11:42Z INFO MessageListener] Message '22' received from session '54b77277-075a-41ca-8edd-8bb2eff169f6'.
[2022-07-12 11:11:42Z INFO Runner] Received job message of length 20663 from service, with hash '4c948f2e113b3c9c036dcf714bdb856a917d76821e2ce8e1bf5ae1f309adf57b'
[2022-07-12 11:11:42Z INFO JobDispatcher] Job request 39 for plan 5e7b25ce-47f7-48d2-9d8e-4c64b176b11c job c269f388-e93f-55df-e42c-8ad0a472b48b received.
[2022-07-12 11:11:42Z INFO JobDispatcher] Pull OrchestrationId 5e7b25ce-47f7-48d2-9d8e-4c64b176b11c.build._16_x from JWT claims
[2022-07-12 11:11:42Z INFO JobDispatcher] Job request c269f388-e93f-55df-e42c-8ad0a472b48b processed succeed.
[2022-07-12 11:11:42Z INFO Terminal] WRITE LINE: 2022-07-12 11:11:42Z: Running job: build (16.x)
[2022-07-12 11:11:42Z INFO JobDispatcher] Start renew job request 39 for job c269f388-e93f-55df-e42c-8ad0a472b48b.
[2022-07-12 11:11:43Z INFO JobDispatcher] Successfully renew job request 39, job is valid till 07/12/2022 11:21:43
[2022-07-12 11:11:43Z INFO HostContext] Well known directory 'Bin': '/home/ubuntu/belkas/belka-3-node/belka3/actions-runner/bin'
[2022-07-12 11:11:43Z INFO ProcessInvokerWrapper] Starting process:
[2022-07-12 11:11:43Z INFO ProcessInvokerWrapper]   File name: '/home/ubuntu/belkas/belka-3-node/belka3/actions-runner/bin/Runner.Worker'
[2022-07-12 11:11:43Z INFO ProcessInvokerWrapper]   Arguments: 'spawnclient 110 114'
[2022-07-12 11:11:43Z INFO ProcessInvokerWrapper]   Working directory: '/home/ubuntu/belkas/belka-3-node/belka3/actions-runner/bin'
[2022-07-12 11:11:43Z INFO ProcessInvokerWrapper]   Require exit code zero: 'False'
[2022-07-12 11:11:43Z INFO ProcessInvokerWrapper]   Encoding web name:  ; code page: ''
[2022-07-12 11:11:43Z INFO ProcessInvokerWrapper]   Force kill process on cancellation: 'True'
[2022-07-12 11:11:43Z INFO ProcessInvokerWrapper]   Redirected STDIN: 'False'
[2022-07-12 11:11:43Z INFO ProcessInvokerWrapper]   Persist current code page: 'False'
[2022-07-12 11:11:43Z INFO ProcessInvokerWrapper]   Keep redirected STDIN open: 'False'
[2022-07-12 11:11:43Z INFO ProcessInvokerWrapper]   High priority process: 'True'
[2022-07-12 11:11:43Z INFO ProcessInvokerWrapper] Process started with process id 104054, waiting for process exit.
[2022-07-12 11:11:43Z INFO JobDispatcher] Send job request message to worker for job c269f388-e93f-55df-e42c-8ad0a472b48b.
[2022-07-12 11:11:43Z INFO ProcessChannel] Sending message of length 20663, with hash '4c948f2e113b3c9c036dcf714bdb856a917d76821e2ce8e1bf5ae1f309adf57b'
[2022-07-12 11:11:43Z INFO JobNotification] Entering JobStarted Notification
[2022-07-12 11:11:43Z INFO JobNotification] Entering StartMonitor
[2022-07-12 11:12:43Z INFO JobDispatcher] Successfully renew job request 39, job is valid till 07/12/2022 11:22:43
[2022-07-12 11:13:43Z INFO JobDispatcher] Successfully renew job request 39, job is valid till 07/12/2022 11:23:43
[2022-07-12 11:14:43Z INFO JobDispatcher] Successfully renew job request 39, job is valid till 07/12/2022 11:24:43
[2022-07-12 11:15:43Z INFO JobDispatcher] Successfully renew job request 39, job is valid till 07/12/2022 11:25:43
[2022-07-12 11:15:54Z INFO Terminal] WRITE LINE: Exiting...
[2022-07-12 11:15:54Z INFO ConfigurationStore] IsServiceConfigured()
[2022-07-12 11:15:54Z INFO ConfigurationStore] IsServiceConfigured: True
[2022-07-12 11:15:54Z INFO Runner] Received Ctrl-C signal, stop Runner.Listener and Runner.Worker.
[2022-07-12 11:15:54Z INFO HostContext] Runner will be shutdown for UserCancelled
[2022-07-12 11:15:54Z WARN GitHubActionsService] GET request to https://pipelines.actions.githubusercontent.com/AuYE7zpLwZz53yuqKqKnzQ0pIxqNa5w1iU0sGV5oFkgXPFr1Xe/_apis/distributedtask/pools/1/messages?sessionId=54b77277-075a-41ca-8edd-8bb2eff169f6&lastMessageId=22 has been cancelled.
[2022-07-12 11:15:54Z INFO MessageListener] Get next message has been cancelled.
[2022-07-12 11:15:54Z INFO JobDispatcher] Shutting down JobDispatcher. Make sure all WorkerDispatcher has finished.
[2022-07-12 11:15:54Z INFO JobDispatcher] Ensure WorkerDispather for job c269f388-e93f-55df-e42c-8ad0a472b48b run to finish, cancel any running job.
[2022-07-12 11:15:54Z INFO JobDispatcher] Send job cancellation message to worker for job c269f388-e93f-55df-e42c-8ad0a472b48b.
[2022-07-12 11:15:54Z INFO ProcessChannel] Sending message of length 0, with hash 'e3b0c44298fc1c149afbf4c8996fb92427ae41e4649b934ca495991b7852b855'
[2022-07-12 11:16:09Z INFO ProcessInvokerWrapper] STDOUT/STDERR stream read finished.
[2022-07-12 11:16:09Z INFO ProcessInvokerWrapper] STDOUT/STDERR stream read finished.
[2022-07-12 11:16:09Z INFO ProcessInvokerWrapper] Finished process 104054 with exit code 102, and elapsed time 00:04:26.0689348.
[2022-07-12 11:16:09Z INFO JobDispatcher] finish job request for job c269f388-e93f-55df-e42c-8ad0a472b48b with result: Canceled
[2022-07-12 11:16:09Z INFO Terminal] WRITE LINE: 2022-07-12 11:16:09Z: Job build (16.x) completed with result: Canceled
[2022-07-12 11:16:09Z INFO JobDispatcher] Stop renew job request for job c269f388-e93f-55df-e42c-8ad0a472b48b.
[2022-07-12 11:16:09Z INFO JobDispatcher] job renew has been cancelled, stop renew job request 39.
[2022-07-12 11:16:09Z INFO JobNotification] Entering JobCompleted Notification
[2022-07-12 11:16:09Z INFO JobNotification] Entering EndMonitor
[2022-07-12 11:16:09Z INFO Listener] Runner execution been cancelled.
